<?xml version="1.0" encoding="UTF-8"?>
<!-- Generated by org.testng.reporters.JUnitReportReporter -->
<testsuite hostname="DESKTOP-M2I8052" failures="0" tests="1" name="testCase.RailwayBookingDetails" time="6.695" errors="0" timestamp="2021-11-07T20:12:51 IST" skipped="0">
  <testcase classname="testCase.RailwayBookingDetails" name="bookingDeatilsTC" time="6.695"/>
  <system-out/>
</testsuite> <!-- testCase.RailwayBookingDetails -->
